c:\users\ahmad22\source\repos\project2\project2\debug\vc141.pdb
c:\users\ahmad22\source\repos\project2\project2\debug\.netframework,version=v4.6.1.assemblyattributes.obj
c:\users\ahmad22\source\repos\project2\project2\debug\.netframework,version=v4.6.1.assemblyattributes.asm
c:\users\ahmad22\source\repos\project2\project2\debug\player.obj
c:\users\ahmad22\source\repos\project2\debug\project2.exe
c:\users\ahmad22\source\repos\project2\debug\project2.pdb
c:\users\ahmad22\source\repos\project2\project2\debug\project2.myform.resources
c:\users\ahmad22\source\repos\project2\project2\debug\project2.vcxproj.generateresource.cache
c:\users\ahmad22\source\repos\project2\project2\debug\project2.vcxprojassemblyreference.cache
c:\users\ahmad22\source\repos\project2\project2\debug\project2.tlog\cl.command.1.tlog
c:\users\ahmad22\source\repos\project2\project2\debug\project2.tlog\cl.read.1.tlog
c:\users\ahmad22\source\repos\project2\project2\debug\project2.tlog\cl.write.1.tlog
c:\users\ahmad22\source\repos\project2\project2\debug\project2.tlog\link.7356-cvtres.read.1.tlog
c:\users\ahmad22\source\repos\project2\project2\debug\project2.tlog\link.7356-cvtres.write.1.tlog
c:\users\ahmad22\source\repos\project2\project2\debug\project2.tlog\link.7356-rc.read.1.tlog
c:\users\ahmad22\source\repos\project2\project2\debug\project2.tlog\link.7356-rc.write.1.tlog
c:\users\ahmad22\source\repos\project2\project2\debug\project2.tlog\link.7356.read.1.tlog
c:\users\ahmad22\source\repos\project2\project2\debug\project2.tlog\link.7356.write.1.tlog
c:\users\ahmad22\source\repos\project2\project2\debug\project2.tlog\link.command.1.tlog
c:\users\ahmad22\source\repos\project2\project2\debug\project2.tlog\link.read.1.tlog
c:\users\ahmad22\source\repos\project2\project2\debug\project2.tlog\link.write.1.tlog
c:\users\ahmad22\source\repos\project2\project2\debug\project2.tlog\metagen.read.1.tlog
c:\users\ahmad22\source\repos\project2\project2\debug\project2.tlog\metagen.write.1.tlog
c:\users\ahmad22\source\repos\project2\project2\debug\project2.tlog\project2.write.1u.tlog
